{"D:\\ki1_nam4\\Mobile App\\code\\ctxh_Bestapp\\frontend\\constants\\Config.ts": {"path":"D:\\ki1_nam4\\Mobile App\\code\\ctxh_Bestapp\\frontend\\constants\\Config.ts","statementMap":{"0":{"start":{"line":1,"column":22},"end":{"line":3,"column":1}}},"fnMap":{},"branchMap":{"0":{"loc":{"start":{"line":2,"column":18},"end":{"line":2,"column":128}},"type":"cond-expr","locations":[{"start":{"line":2,"column":52},"end":{"line":2,"column":95}},{"start":{"line":2,"column":98},"end":{"line":2,"column":128}}],"line":2}},"s":{"0":1},"f":{},"b":{"0":[0,1]},"_coverageSchema":"1a1c01bbd47fc00a2c39e90264f33305004495a9","hash":"9f1947c7ea720673f97b1f227c15b0f7b883e7bc"}
,"D:\\ki1_nam4\\Mobile App\\code\\ctxh_Bestapp\\frontend\\constants\\theme.ts": {"path":"D:\\ki1_nam4\\Mobile App\\code\\ctxh_Bestapp\\frontend\\constants\\theme.ts","statementMap":{"0":{"start":{"line":8,"column":23},"end":{"line":8,"column":32}},"1":{"start":{"line":9,"column":22},"end":{"line":9,"column":28}},"2":{"start":{"line":11,"column":22},"end":{"line":28,"column":1}},"3":{"start":{"line":30,"column":21},"end":{"line":53,"column":2}}},"fnMap":{},"branchMap":{},"s":{"0":0,"1":0,"2":0,"3":0},"f":{},"b":{}}
,"D:\\ki1_nam4\\Mobile App\\code\\ctxh_Bestapp\\frontend\\services\\notificationService.ts": {"path":"D:\\ki1_nam4\\Mobile App\\code\\ctxh_Bestapp\\frontend\\services\\notificationService.ts","statementMap":{"0":{"start":{"line":8,"column":37},"end":{"line":14,"column":1}},"1":{"start":{"line":18,"column":22},"end":{"line":18,"column":34}},"2":{"start":{"line":19,"column":27},"end":{"line":19,"column":44}},"3":{"start":{"line":20,"column":16},"end":{"line":20,"column":35}},"4":{"start":{"line":26,"column":4},"end":{"line":44,"column":7}},"5":{"start":{"line":28,"column":28},"end":{"line":28,"column":85}},"6":{"start":{"line":29,"column":26},"end":{"line":29,"column":81}},"7":{"start":{"line":32,"column":30},"end":{"line":32,"column":49}},"8":{"start":{"line":33,"column":30},"end":{"line":33,"column":47}},"9":{"start":{"line":35,"column":12},"end":{"line":42,"column":14}},"10":{"start":{"line":51,"column":4},"end":{"line":54,"column":5}},"11":{"start":{"line":53,"column":8},"end":{"line":53,"column":21}},"12":{"start":{"line":56,"column":39},"end":{"line":56,"column":80}},"13":{"start":{"line":57,"column":22},"end":{"line":57,"column":36}},"14":{"start":{"line":59,"column":4},"end":{"line":62,"column":5}},"15":{"start":{"line":60,"column":27},"end":{"line":60,"column":72}},"16":{"start":{"line":61,"column":8},"end":{"line":61,"column":29}},"17":{"start":{"line":64,"column":4},"end":{"line":67,"column":5}},"18":{"start":{"line":66,"column":8},"end":{"line":66,"column":21}},"19":{"start":{"line":69,"column":4},"end":{"line":88,"column":5}},"20":{"start":{"line":70,"column":8},"end":{"line":78,"column":11}},"21":{"start":{"line":81,"column":8},"end":{"line":87,"column":11}},"22":{"start":{"line":91,"column":4},"end":{"line":91,"column":16}},"23":{"start":{"line":98,"column":4},"end":{"line":119,"column":5}},"24":{"start":{"line":99,"column":26},"end":{"line":100,"column":87}},"25":{"start":{"line":102,"column":8},"end":{"line":105,"column":9}},"26":{"start":{"line":103,"column":12},"end":{"line":103,"column":52}},"27":{"start":{"line":104,"column":12},"end":{"line":104,"column":24}},"28":{"start":{"line":107,"column":26},"end":{"line":109,"column":10}},"29":{"start":{"line":111,"column":22},"end":{"line":111,"column":36}},"30":{"start":{"line":114,"column":8},"end":{"line":114,"column":57}},"31":{"start":{"line":115,"column":8},"end":{"line":115,"column":21}},"32":{"start":{"line":117,"column":8},"end":{"line":117,"column":65}},"33":{"start":{"line":118,"column":8},"end":{"line":118,"column":20}},"34":{"start":{"line":126,"column":4},"end":{"line":160,"column":5}},"35":{"start":{"line":127,"column":25},"end":{"line":127,"column":66}},"36":{"start":{"line":129,"column":8},"end":{"line":132,"column":9}},"37":{"start":{"line":131,"column":12},"end":{"line":131,"column":25}},"38":{"start":{"line":134,"column":26},"end":{"line":134,"column":72}},"39":{"start":{"line":135,"column":8},"end":{"line":138,"column":9}},"40":{"start":{"line":137,"column":12},"end":{"line":137,"column":24}},"41":{"start":{"line":140,"column":25},"end":{"line":147,"column":10}},"42":{"start":{"line":149,"column":8},"end":{"line":156,"column":9}},"43":{"start":{"line":150,"column":12},"end":{"line":150,"column":69}},"44":{"start":{"line":152,"column":12},"end":{"line":152,"column":24}},"45":{"start":{"line":154,"column":12},"end":{"line":154,"column":67}},"46":{"start":{"line":155,"column":12},"end":{"line":155,"column":25}},"47":{"start":{"line":158,"column":8},"end":{"line":158,"column":67}},"48":{"start":{"line":159,"column":8},"end":{"line":159,"column":21}},"49":{"start":{"line":167,"column":4},"end":{"line":181,"column":5}},"50":{"start":{"line":168,"column":8},"end":{"line":173,"column":11}},"51":{"start":{"line":175,"column":8},"end":{"line":175,"column":58}},"52":{"start":{"line":180,"column":8},"end":{"line":180,"column":60}},"53":{"start":{"line":188,"column":4},"end":{"line":188,"column":66}},"54":{"start":{"line":192,"column":4},"end":{"line":192,"column":52}},"55":{"start":{"line":196,"column":4},"end":{"line":196,"column":50}},"56":{"start":{"line":200,"column":4},"end":{"line":200,"column":55}},"57":{"start":{"line":205,"column":20},"end":{"line":205,"column":57}},"58":{"start":{"line":206,"column":4},"end":{"line":208,"column":5}},"59":{"start":{"line":207,"column":8},"end":{"line":207,"column":40}},"60":{"start":{"line":209,"column":4},"end":{"line":209,"column":16}},"61":{"start":{"line":230,"column":4},"end":{"line":243,"column":5}},"62":{"start":{"line":231,"column":25},"end":{"line":233,"column":10}},"63":{"start":{"line":234,"column":8},"end":{"line":240,"column":9}},"64":{"start":{"line":235,"column":27},"end":{"line":235,"column":48}},"65":{"start":{"line":236,"column":12},"end":{"line":238,"column":13}},"66":{"start":{"line":237,"column":16},"end":{"line":237,"column":35}},"67":{"start":{"line":239,"column":12},"end":{"line":239,"column":84}},"68":{"start":{"line":242,"column":8},"end":{"line":242,"column":62}},"69":{"start":{"line":244,"column":4},"end":{"line":244,"column":14}},"70":{"start":{"line":248,"column":4},"end":{"line":260,"column":5}},"71":{"start":{"line":249,"column":25},"end":{"line":251,"column":10}},"72":{"start":{"line":252,"column":8},"end":{"line":257,"column":9}},"73":{"start":{"line":253,"column":27},"end":{"line":253,"column":48}},"74":{"start":{"line":254,"column":12},"end":{"line":256,"column":13}},"75":{"start":{"line":255,"column":16},"end":{"line":255,"column":35}},"76":{"start":{"line":259,"column":8},"end":{"line":259,"column":61}},"77":{"start":{"line":261,"column":4},"end":{"line":261,"column":13}},"78":{"start":{"line":265,"column":4},"end":{"line":278,"column":5}},"79":{"start":{"line":266,"column":25},"end":{"line":269,"column":10}},"80":{"start":{"line":270,"column":8},"end":{"line":273,"column":9}},"81":{"start":{"line":271,"column":27},"end":{"line":271,"column":48}},"82":{"start":{"line":272,"column":12},"end":{"line":272,"column":43}},"83":{"start":{"line":274,"column":8},"end":{"line":274,"column":21}},"84":{"start":{"line":276,"column":8},"end":{"line":276,"column":68}},"85":{"start":{"line":277,"column":8},"end":{"line":277,"column":21}},"86":{"start":{"line":282,"column":4},"end":{"line":295,"column":5}},"87":{"start":{"line":283,"column":25},"end":{"line":286,"column":10}},"88":{"start":{"line":287,"column":8},"end":{"line":290,"column":9}},"89":{"start":{"line":288,"column":27},"end":{"line":288,"column":48}},"90":{"start":{"line":289,"column":12},"end":{"line":289,"column":43}},"91":{"start":{"line":291,"column":8},"end":{"line":291,"column":21}},"92":{"start":{"line":293,"column":8},"end":{"line":293,"column":73}},"93":{"start":{"line":294,"column":8},"end":{"line":294,"column":21}}},"fnMap":{"0":{"name":"configureNotificationHandler","decl":{"start":{"line":25,"column":16},"end":{"line":25,"column":44}},"loc":{"start":{"line":25,"column":47},"end":{"line":45,"column":1}},"line":25},"1":{"name":"(anonymous_1)","decl":{"start":{"line":27,"column":28},"end":{"line":27,"column":29}},"loc":{"start":{"line":27,"column":40},"end":{"line":43,"column":9}},"line":27},"2":{"name":"requestNotificationPermission","decl":{"start":{"line":50,"column":22},"end":{"line":50,"column":51}},"loc":{"start":{"line":50,"column":72},"end":{"line":92,"column":1}},"line":50},"3":{"name":"getExpoPushToken","decl":{"start":{"line":97,"column":22},"end":{"line":97,"column":38}},"loc":{"start":{"line":97,"column":65},"end":{"line":120,"column":1}},"line":97},"4":{"name":"sendTokenToBackend","decl":{"start":{"line":125,"column":22},"end":{"line":125,"column":40}},"loc":{"start":{"line":125,"column":78},"end":{"line":161,"column":1}},"line":125},"5":{"name":"removeTokenFromBackend","decl":{"start":{"line":166,"column":22},"end":{"line":166,"column":44}},"loc":{"start":{"line":166,"column":79},"end":{"line":182,"column":1}},"line":166},"6":{"name":"getLastNotificationResponse","decl":{"start":{"line":187,"column":22},"end":{"line":187,"column":49}},"loc":{"start":{"line":187,"column":52},"end":{"line":189,"column":1}},"line":187},"7":{"name":"getBadgeCount","decl":{"start":{"line":191,"column":22},"end":{"line":191,"column":35}},"loc":{"start":{"line":191,"column":55},"end":{"line":193,"column":1}},"line":191},"8":{"name":"setBadgeCount","decl":{"start":{"line":195,"column":22},"end":{"line":195,"column":35}},"loc":{"start":{"line":195,"column":66},"end":{"line":197,"column":1}},"line":195},"9":{"name":"dismissAllNotifications","decl":{"start":{"line":199,"column":22},"end":{"line":199,"column":45}},"loc":{"start":{"line":199,"column":63},"end":{"line":201,"column":1}},"line":199},"10":{"name":"registerForPushNotificationsAsync","decl":{"start":{"line":204,"column":22},"end":{"line":204,"column":55}},"loc":{"start":{"line":204,"column":58},"end":{"line":210,"column":1}},"line":204},"11":{"name":"fetchNotifications","decl":{"start":{"line":229,"column":22},"end":{"line":229,"column":40}},"loc":{"start":{"line":229,"column":89},"end":{"line":245,"column":1}},"line":229},"12":{"name":"fetchUnreadCount","decl":{"start":{"line":247,"column":22},"end":{"line":247,"column":38}},"loc":{"start":{"line":247,"column":75},"end":{"line":262,"column":1}},"line":247},"13":{"name":"markNotificationAsRead","decl":{"start":{"line":264,"column":22},"end":{"line":264,"column":44}},"loc":{"start":{"line":264,"column":94},"end":{"line":279,"column":1}},"line":264},"14":{"name":"markAllNotificationsAsRead","decl":{"start":{"line":281,"column":22},"end":{"line":281,"column":48}},"loc":{"start":{"line":281,"column":86},"end":{"line":296,"column":1}},"line":281}},"branchMap":{"0":{"loc":{"start":{"line":51,"column":4},"end":{"line":54,"column":5}},"type":"if","locations":[{"start":{"line":51,"column":4},"end":{"line":54,"column":5}},{"start":{},"end":{}}],"line":51},"1":{"loc":{"start":{"line":59,"column":4},"end":{"line":62,"column":5}},"type":"if","locations":[{"start":{"line":59,"column":4},"end":{"line":62,"column":5}},{"start":{},"end":{}}],"line":59},"2":{"loc":{"start":{"line":64,"column":4},"end":{"line":67,"column":5}},"type":"if","locations":[{"start":{"line":64,"column":4},"end":{"line":67,"column":5}},{"start":{},"end":{}}],"line":64},"3":{"loc":{"start":{"line":69,"column":4},"end":{"line":88,"column":5}},"type":"if","locations":[{"start":{"line":69,"column":4},"end":{"line":88,"column":5}},{"start":{},"end":{}}],"line":69},"4":{"loc":{"start":{"line":99,"column":26},"end":{"line":100,"column":87}},"type":"binary-expr","locations":[{"start":{"line":99,"column":26},"end":{"line":99,"column":69}},{"start":{"line":100,"column":15},"end":{"line":100,"column":45}},{"start":{"line":100,"column":49},"end":{"line":100,"column":87}}],"line":99},"5":{"loc":{"start":{"line":102,"column":8},"end":{"line":105,"column":9}},"type":"if","locations":[{"start":{"line":102,"column":8},"end":{"line":105,"column":9}},{"start":{},"end":{}}],"line":102},"6":{"loc":{"start":{"line":129,"column":8},"end":{"line":132,"column":9}},"type":"if","locations":[{"start":{"line":129,"column":8},"end":{"line":132,"column":9}},{"start":{},"end":{}}],"line":129},"7":{"loc":{"start":{"line":135,"column":8},"end":{"line":138,"column":9}},"type":"if","locations":[{"start":{"line":135,"column":8},"end":{"line":138,"column":9}},{"start":{},"end":{}}],"line":135},"8":{"loc":{"start":{"line":149,"column":8},"end":{"line":156,"column":9}},"type":"if","locations":[{"start":{"line":149,"column":8},"end":{"line":156,"column":9}},{"start":{"line":153,"column":15},"end":{"line":156,"column":9}}],"line":149},"9":{"loc":{"start":{"line":206,"column":4},"end":{"line":208,"column":5}},"type":"if","locations":[{"start":{"line":206,"column":4},"end":{"line":208,"column":5}},{"start":{},"end":{}}],"line":206},"10":{"loc":{"start":{"line":234,"column":8},"end":{"line":240,"column":9}},"type":"if","locations":[{"start":{"line":234,"column":8},"end":{"line":240,"column":9}},{"start":{},"end":{}}],"line":234},"11":{"loc":{"start":{"line":236,"column":12},"end":{"line":238,"column":13}},"type":"if","locations":[{"start":{"line":236,"column":12},"end":{"line":238,"column":13}},{"start":{},"end":{}}],"line":236},"12":{"loc":{"start":{"line":236,"column":16},"end":{"line":236,"column":60}},"type":"binary-expr","locations":[{"start":{"line":236,"column":16},"end":{"line":236,"column":30}},{"start":{"line":236,"column":34},"end":{"line":236,"column":60}}],"line":236},"13":{"loc":{"start":{"line":252,"column":8},"end":{"line":257,"column":9}},"type":"if","locations":[{"start":{"line":252,"column":8},"end":{"line":257,"column":9}},{"start":{},"end":{}}],"line":252},"14":{"loc":{"start":{"line":254,"column":12},"end":{"line":256,"column":13}},"type":"if","locations":[{"start":{"line":254,"column":12},"end":{"line":256,"column":13}},{"start":{},"end":{}}],"line":254},"15":{"loc":{"start":{"line":254,"column":16},"end":{"line":254,"column":65}},"type":"binary-expr","locations":[{"start":{"line":254,"column":16},"end":{"line":254,"column":30}},{"start":{"line":254,"column":34},"end":{"line":254,"column":65}}],"line":254},"16":{"loc":{"start":{"line":270,"column":8},"end":{"line":273,"column":9}},"type":"if","locations":[{"start":{"line":270,"column":8},"end":{"line":273,"column":9}},{"start":{},"end":{}}],"line":270},"17":{"loc":{"start":{"line":287,"column":8},"end":{"line":290,"column":9}},"type":"if","locations":[{"start":{"line":287,"column":8},"end":{"line":290,"column":9}},{"start":{},"end":{}}],"line":287}},"s":{"0":0,"1":0,"2":0,"3":0,"4":0,"5":0,"6":0,"7":0,"8":0,"9":0,"10":0,"11":0,"12":0,"13":0,"14":0,"15":0,"16":0,"17":0,"18":0,"19":0,"20":0,"21":0,"22":0,"23":0,"24":0,"25":0,"26":0,"27":0,"28":0,"29":0,"30":0,"31":0,"32":0,"33":0,"34":0,"35":0,"36":0,"37":0,"38":0,"39":0,"40":0,"41":0,"42":0,"43":0,"44":0,"45":0,"46":0,"47":0,"48":0,"49":0,"50":0,"51":0,"52":0,"53":0,"54":0,"55":0,"56":0,"57":0,"58":0,"59":0,"60":0,"61":0,"62":0,"63":0,"64":0,"65":0,"66":0,"67":0,"68":0,"69":0,"70":0,"71":0,"72":0,"73":0,"74":0,"75":0,"76":0,"77":0,"78":0,"79":0,"80":0,"81":0,"82":0,"83":0,"84":0,"85":0,"86":0,"87":0,"88":0,"89":0,"90":0,"91":0,"92":0,"93":0},"f":{"0":0,"1":0,"2":0,"3":0,"4":0,"5":0,"6":0,"7":0,"8":0,"9":0,"10":0,"11":0,"12":0,"13":0,"14":0},"b":{"0":[0,0],"1":[0,0],"2":[0,0],"3":[0,0],"4":[0,0,0],"5":[0,0],"6":[0,0],"7":[0,0],"8":[0,0],"9":[0,0],"10":[0,0],"11":[0,0],"12":[0,0],"13":[0,0],"14":[0,0],"15":[0,0],"16":[0,0],"17":[0,0]}}
}
