TN:
SF:constants\Config.ts
FNF:0
FNH:0
DA:1,1
LF:1
LH:1
BRDA:2,0,0,0
BRDA:2,0,1,1
BRF:2
BRH:1
end_of_record
TN:
SF:constants\theme.ts
FNF:0
FNH:0
DA:8,0
DA:9,0
DA:11,0
DA:30,0
LF:4
LH:0
BRF:0
BRH:0
end_of_record
TN:
SF:services\notificationService.ts
FN:25,configureNotificationHandler
FN:27,(anonymous_1)
FN:50,requestNotificationPermission
FN:97,getExpoPushToken
FN:125,sendTokenToBackend
FN:166,removeTokenFromBackend
FN:187,getLastNotificationResponse
FN:191,getBadgeCount
FN:195,setBadgeCount
FN:199,dismissAllNotifications
FN:204,registerForPushNotificationsAsync
FN:229,fetchNotifications
FN:247,fetchUnreadCount
FN:264,markNotificationAsRead
FN:281,markAllNotificationsAsRead
FNF:15
FNH:0
FNDA:0,configureNotificationHandler
FNDA:0,(anonymous_1)
FNDA:0,requestNotificationPermission
FNDA:0,getExpoPushToken
FNDA:0,sendTokenToBackend
FNDA:0,removeTokenFromBackend
FNDA:0,getLastNotificationResponse
FNDA:0,getBadgeCount
FNDA:0,setBadgeCount
FNDA:0,dismissAllNotifications
FNDA:0,registerForPushNotificationsAsync
FNDA:0,fetchNotifications
FNDA:0,fetchUnreadCount
FNDA:0,markNotificationAsRead
FNDA:0,markAllNotificationsAsRead
DA:8,0
DA:18,0
DA:19,0
DA:20,0
DA:26,0
DA:28,0
DA:29,0
DA:32,0
DA:33,0
DA:35,0
DA:51,0
DA:53,0
DA:56,0
DA:57,0
DA:59,0
DA:60,0
DA:61,0
DA:64,0
DA:66,0
DA:69,0
DA:70,0
DA:81,0
DA:91,0
DA:98,0
DA:99,0
DA:102,0
DA:103,0
DA:104,0
DA:107,0
DA:111,0
DA:114,0
DA:115,0
DA:117,0
DA:118,0
DA:126,0
DA:127,0
DA:129,0
DA:131,0
DA:134,0
DA:135,0
DA:137,0
DA:140,0
DA:149,0
DA:150,0
DA:152,0
DA:154,0
DA:155,0
DA:158,0
DA:159,0
DA:167,0
DA:168,0
DA:175,0
DA:180,0
DA:188,0
DA:192,0
DA:196,0
DA:200,0
DA:205,0
DA:206,0
DA:207,0
DA:209,0
DA:230,0
DA:231,0
DA:234,0
DA:235,0
DA:236,0
DA:237,0
DA:239,0
DA:242,0
DA:244,0
DA:248,0
DA:249,0
DA:252,0
DA:253,0
DA:254,0
DA:255,0
DA:259,0
DA:261,0
DA:265,0
DA:266,0
DA:270,0
DA:271,0
DA:272,0
DA:274,0
DA:276,0
DA:277,0
DA:282,0
DA:283,0
DA:287,0
DA:288,0
DA:289,0
DA:291,0
DA:293,0
DA:294,0
LF:94
LH:0
BRDA:51,0,0,0
BRDA:51,0,1,0
BRDA:59,1,0,0
BRDA:59,1,1,0
BRDA:64,2,0,0
BRDA:64,2,1,0
BRDA:69,3,0,0
BRDA:69,3,1,0
BRDA:99,4,0,0
BRDA:99,4,1,0
BRDA:99,4,2,0
BRDA:102,5,0,0
BRDA:102,5,1,0
BRDA:129,6,0,0
BRDA:129,6,1,0
BRDA:135,7,0,0
BRDA:135,7,1,0
BRDA:149,8,0,0
BRDA:149,8,1,0
BRDA:206,9,0,0
BRDA:206,9,1,0
BRDA:234,10,0,0
BRDA:234,10,1,0
BRDA:236,11,0,0
BRDA:236,11,1,0
BRDA:236,12,0,0
BRDA:236,12,1,0
BRDA:252,13,0,0
BRDA:252,13,1,0
BRDA:254,14,0,0
BRDA:254,14,1,0
BRDA:254,15,0,0
BRDA:254,15,1,0
BRDA:270,16,0,0
BRDA:270,16,1,0
BRDA:287,17,0,0
BRDA:287,17,1,0
BRF:37
BRH:0
end_of_record
